<?xml version="1.0" encoding="UTF-8"?>
<!-- Generated by org.testng.reporters.JUnitXMLReporter -->
<testsuite ignored="0" hostname="Vishnu" failures="1" tests="12" name="Test" time="0.111" errors="0" timestamp="2022-09-18T23:24:46 IST">
  <testcase classname="demo1.Day1" name="password" time="0.008"/>
  <testcase classname="demo1.Day1" name="username" time="0.003"/>
  <testcase classname="demo1.Day2" name="addemplee" time="0.003"/>
  <testcase classname="demo1.Day2" name="createyser" time="0.003"/>
  <testcase classname="demo1.Day2" name="buildstable" time="0.001"/>
  <testcase classname="demo1.Day2" name="homepage" time="0.002"/>
  <testcase classname="demo1.Day3" name="buildstable_Retest" time="0.001"/>
  <testcase classname="demo1.Day3" name="server_Coverage" time="0.002"/>
  <testcase classname="demo1.Day4" name="datafetch" time="0.001"/>
  <testcase classname="demo1.Day4" name="retest" time="0.002"/>
  <testcase classname="demo1.Day5" name="password" time="0.001"/>
  <testcase classname="demo1.Day5" name="userdetail" time="0.0">
    <failure type="org.testng.TestNGException" message="
Parameter &amp;apos;sanchu&amp;apos; is required by @Test on method userdetail but has not been marked @Optional or defined
in C:\Users\vishc\eclipse-workspace\TestNgDemo\testng.xml">
      <![CDATA[org.testng.TestNGException: 
Parameter 'sanchu' is required by @Test on method userdetail but has not been marked @Optional or defined
in C:\Users\vishc\eclipse-workspace\TestNgDemo\testng.xml
at java.base/java.util.ArrayList.forEach(ArrayList.java:1511)
... Removed 26 stack frames]]>
    </failure>
  </testcase> <!-- userdetail -->
</testsuite> <!-- Test -->
